<?xml version="1.0" encoding="UTF-8"?>
<testsuite name="com.vodden.aoc25.day01.AppTest" tests="2" skipped="0" failures="0" errors="0" timestamp="2025-12-02T05:50:55.186Z" hostname="LargePixelCollider" time="0.023">
  <properties/>
  <testcase name="p2ExampleGivesCorrectValue()" classname="com.vodden.aoc25.day01.AppTest" time="0.02"/>
  <testcase name="exampleGivesCorrectValue()" classname="com.vodden.aoc25.day01.AppTest" time="0.001"/>
  <system-out><![CDATA[]]></system-out>
  <system-err><![CDATA[]]></system-err>
</testsuite>
