<?xml version="1.0" encoding="UTF-8"?>
<testsuite name="org.example.AppTest" tests="1" skipped="0" failures="1" errors="0" timestamp="2025-12-02T06:24:05.522Z" hostname="LargePixelCollider" time="0.036">
  <properties/>
  <testcase name="testPartOne()" classname="org.example.AppTest" time="0.036">
    <failure message="org.opentest4j.AssertionFailedError: expected: &lt;1227775554&gt; but was: &lt;[(11, 22), (95, 115), (998, 1012), (1188511880, 1188511890), (222220, 222224), (1698522, 1698528), (446443, 446449), (38593856, 38593862), (565653, 565659), (824824821, 824824827), (2121212118, 2121212124)]&gt;" type="org.opentest4j.AssertionFailedError">org.opentest4j.AssertionFailedError: expected: &lt;1227775554&gt; but was: &lt;[(11, 22), (95, 115), (998, 1012), (1188511880, 1188511890), (222220, 222224), (1698522, 1698528), (446443, 446449), (38593856, 38593862), (565653, 565659), (824824821, 824824827), (2121212118, 2121212124)]&gt;
	at app//org.junit.jupiter.api.AssertionFailureBuilder.build(AssertionFailureBuilder.java:151)
	at app//org.junit.jupiter.api.AssertionFailureBuilder.buildAndThrow(AssertionFailureBuilder.java:132)
	at app//org.junit.jupiter.api.AssertEquals.failNotEqual(AssertEquals.java:197)
	at app//org.junit.jupiter.api.AssertEquals.assertEquals(AssertEquals.java:182)
	at app//org.junit.jupiter.api.AssertEquals.assertEquals(AssertEquals.java:177)
	at app//org.junit.jupiter.api.Assertions.assertEquals(Assertions.java:1145)
	at app//org.example.AppTest.testPartOne(AppTest.kt:13)
	at java.base@21.0.2/java.lang.reflect.Method.invoke(Method.java:580)
	at java.base@21.0.2/java.util.ArrayList.forEach(ArrayList.java:1596)
	at java.base@21.0.2/java.util.ArrayList.forEach(ArrayList.java:1596)
</failure>
  </testcase>
  <system-out><![CDATA[]]></system-out>
  <system-err><![CDATA[]]></system-err>
</testsuite>
